e:\documents\projects\texprog1\texprog1\x64\debug\texprog1.pch
e:\documents\projects\texprog1\texprog1\x64\debug\vc140.pdb
e:\documents\projects\texprog1\texprog1\x64\debug\stdafx.obj
e:\documents\projects\texprog1\texprog1\x64\debug\texprog1.obj
e:\documents\projects\texprog1\texprog1\x64\debug\assemblyinfo.obj
e:\documents\projects\texprog1\texprog1\x64\debug\.netframework,version=v4.5.2.assemblyattributes.obj
e:\documents\projects\texprog1\texprog1\x64\debug\.netframework,version=v4.5.2.assemblyattributes.asm
e:\documents\projects\texprog1\x64\debug\texprog1.exe
e:\documents\projects\texprog1\x64\debug\texprog1.pdb
e:\documents\projects\texprog1\texprog1\x64\debug\app.res
e:\documents\projects\texprog1\texprog1\x64\debug\texprog1.vcxprojresolveassemblyreference.cache
e:\documents\projects\texprog1\texprog1\x64\debug\texprog1.tlog\cl.command.1.tlog
e:\documents\projects\texprog1\texprog1\x64\debug\texprog1.tlog\cl.read.1.tlog
e:\documents\projects\texprog1\texprog1\x64\debug\texprog1.tlog\cl.write.1.tlog
e:\documents\projects\texprog1\texprog1\x64\debug\texprog1.tlog\link.command.1.tlog
e:\documents\projects\texprog1\texprog1\x64\debug\texprog1.tlog\link.read.1.tlog
e:\documents\projects\texprog1\texprog1\x64\debug\texprog1.tlog\link.write.1.tlog
e:\documents\projects\texprog1\texprog1\x64\debug\texprog1.tlog\metagen.read.1.tlog
e:\documents\projects\texprog1\texprog1\x64\debug\texprog1.tlog\metagen.write.1.tlog
e:\documents\projects\texprog1\texprog1\x64\debug\texprog1.tlog\rc.command.1.tlog
e:\documents\projects\texprog1\texprog1\x64\debug\texprog1.tlog\rc.read.1.tlog
e:\documents\projects\texprog1\texprog1\x64\debug\texprog1.tlog\rc.write.1.tlog
e:\documents\projects\texprog1\texprog1\x64\debug\texprog1.tlog\tzres.dll.bi
